stratum_bmv2 -device_id=1 -chassis_config_file=/tmp/leaf3/chassis-config.txt -forwarding_pipeline_configs_file=/tmp/leaf3/pipe.txt -persistent_config_dir=/tmp/leaf3 -initial_pipeline=/root/dummy.json -cpu_port=255 -external_stratum_urls=0.0.0.0:50003 -local_stratum_url=localhost:42289 -max_num_controllers_per_node=10 -write_req_log_file=/tmp/leaf3/write-reqs.txt -logtosyslog=false -logtostderr=true -bmv2_log_level=warn

--------------------------------------------------------------------------------

E0622 21:05:33.606916   119 main.cc:121] Starting bmv2 simple_switch and waiting for P4 pipeline
W0622 21:05:33.633030   119 credentials_manager.cc:45] Using insecure server credentials
I0622 21:05:33.633956   119 timer_daemon.cc:90] The timer daemon has been started.
I0622 21:05:33.634110   119 hal.cc:128] Setting up HAL in COLDBOOT mode...
I0622 21:05:33.634249   119 config_monitoring_service.cc:90] Pushing the saved chassis config read from /tmp/leaf3/chassis-config.txt...
I0622 21:05:33.656515   119 bmv2_chassis_manager.cc:476] Registered port status callbacks successfully for node 1.
I0622 21:05:33.656579   119 bmv2_chassis_manager.cc:61] Adding port 1 to node 1
I0622 21:05:33.704553   119 bmv2_chassis_manager.cc:61] Adding port 2 to node 1
I0622 21:05:33.769996   119 bmv2_chassis_manager.cc:61] Adding port 3 to node 1
I0622 21:05:33.853174   222 bmv2_chassis_manager.cc:409] State of port 1 in node 1: UP.
I0622 21:05:33.853354   222 bmv2_chassis_manager.cc:409] State of port 2 in node 1: UP.
I0622 21:05:33.853449   222 bmv2_chassis_manager.cc:409] State of port 3 in node 1: UP.
I0622 21:05:33.896211   119 p4_service.cc:119] Pushing the saved forwarding pipeline configs read from /tmp/leaf3/pipe.txt...
E0622 21:05:33.896278   119 utils.cc:109] StratumErrorSpace::ERR_FILE_NOT_FOUND: /tmp/leaf3/pipe.txt not found.
E0622 21:05:33.896800   119 utils.cc:65] Return Error: ReadFileToString(filename, &text) failed with StratumErrorSpace::ERR_FILE_NOT_FOUND: /tmp/leaf3/pipe.txt not found.
W0622 21:05:33.896832   119 p4_service.cc:128] No saved forwarding pipeline config found at /tmp/leaf3/pipe.txt. This is normal when the switch is just installed and no master controller is connected yet.
E0622 21:05:33.898080459     119 server_chttp2.cc:40]        {"created":"@1624395933.898033897","description":"Only 1 addresses added out of total 2 resolved","file":"external/com_github_grpc_grpc/src/core/ext/transport/chttp2/server/chttp2_server.cc","file_line":406,"referenced_errors":[{"created":"@1624395933.898021632","description":"Address family not supported by protocol","errno":97,"file":"external/com_github_grpc_grpc/src/core/lib/iomgr/socket_utils_common_posix.cc","file_line":420,"os_error":"Address family not supported by protocol","syscall":"socket","target_address":"[::1]:42289"}]}
E0622 21:05:33.898340   119 hal.cc:223] Stratum external facing services are listening to 0.0.0.0:50003, localhost:42289...
I0622 21:06:30.852082   238 p4_service.cc:696] Controller (connection_id: 1, election_id: 20, uri: ipv4:172.20.0.3:37882) is connected as MASTER for node (aka device) with ID 1.
I0622 21:06:30.919788   238 p4_service.cc:723] Controller (connection_id: 1, election_id: 20, uri: ipv4:172.20.0.3:37882) which was MASTER for node (aka device) with ID 1 is disconnected. The node is now orphan :(
I0622 21:06:31.386482   238 p4_service.cc:696] Controller (connection_id: 1, election_id: 40, uri: ipv4:172.20.0.3:37890) is connected as MASTER for node (aka device) with ID 1.
I0622 21:06:31.812973   255 bmv2_switch.cc:74] P4-based forwarding pipeline config pushed successfully to node with ID 1.
E0622 21:06:32.164398   271 bmv2_switch.cc:189] StratumErrorSpace::ERR_INTERNAL: Not supported yet
E0622 21:06:32.173111   271 bmv2_switch.cc:189] StratumErrorSpace::ERR_INTERNAL: Not supported yet
E0622 21:06:32.178665   271 bmv2_switch.cc:189] StratumErrorSpace::ERR_INTERNAL: Not supported yet
E0622 21:06:32.178984   271 bmv2_switch.cc:189] StratumErrorSpace::ERR_INTERNAL: Not supported yet
E0622 21:06:32.179775   271 bmv2_switch.cc:189] StratumErrorSpace::ERR_INTERNAL: Not supported yet
E0622 21:06:32.183208   271 bmv2_switch.cc:189] StratumErrorSpace::ERR_INTERNAL: Not supported yet
E0622 21:06:32.183552   271 bmv2_switch.cc:189] StratumErrorSpace::ERR_INTERNAL: Not supported yet
E0622 21:06:32.191068   271 bmv2_switch.cc:189] StratumErrorSpace::ERR_INTERNAL: Not supported yet
E0622 21:06:32.191428   271 bmv2_switch.cc:189] StratumErrorSpace::ERR_INTERNAL: Not supported yet
E0622 21:06:32.193418   271 bmv2_switch.cc:189] StratumErrorSpace::ERR_INTERNAL: Not supported yet
E0622 21:06:32.196611   271 bmv2_switch.cc:189] StratumErrorSpace::ERR_INTERNAL: Not supported yet
E0622 21:06:32.197162   271 bmv2_switch.cc:189] StratumErrorSpace::ERR_INTERNAL: Not supported yet
E0622 21:06:32.203253   271 bmv2_switch.cc:189] StratumErrorSpace::ERR_INTERNAL: Not supported yet
E0622 21:06:32.203549   271 bmv2_switch.cc:189] StratumErrorSpace::ERR_INTERNAL: Not supported yet
E0622 21:06:32.204342   271 bmv2_switch.cc:189] StratumErrorSpace::ERR_INTERNAL: Not supported yet
I0622 21:06:32.361713   238 p4_service.cc:696] Controller (connection_id: 1, election_id: 40, uri: ipv4:172.20.0.3:37890) is connected as MASTER for node (aka device) with ID 1.
I0622 21:06:32.563235   271 config_monitoring_service.cc:377] Initial Subscribe request from ipv4:172.20.0.3:37896 over stream 0x7f808d5e7510.
