2021-02-18 11:51:24.141701;1;type: INSERT entity { packet_replication_engine_entry { clone_session_entry { session_id: 99 replicas { egress_port: 255 instance: 1 } } } };
2021-02-18 11:51:24.150267;1;type: INSERT entity { table_entry { table_id: 33557865 match { field_id: 4 ternary { value: "\010\000" mask: "\377\377" } } action { action { action_id: 16782152 } } priority: 10 } };
2021-02-18 11:51:24.216656;1;type: DELETE entity { table_entry { table_id: 33557865 match { field_id: 4 ternary { value: "\010\000" mask: "\377\377" } } action { action { action_id: 16782152 } } priority: 10 } };
2021-02-18 11:51:24.216656;1;type: DELETE entity { packet_replication_engine_entry { clone_session_entry { session_id: 99 replicas { egress_port: 255 instance: 1 } } } };
2021-02-18 11:51:24.228104;1;type: INSERT entity { packet_replication_engine_entry { clone_session_entry { session_id: 99 replicas { egress_port: 255 instance: 1 } } } };
2021-02-18 11:51:24.229897;1;type: INSERT entity { table_entry { table_id: 33557865 match { field_id: 4 ternary { value: "\010\000" mask: "\377\377" } } action { action { action_id: 16782152 } } priority: 10 } };
2021-02-18 11:51:24.286690;1;type: DELETE entity { table_entry { table_id: 33557865 match { field_id: 4 ternary { value: "\010\000" mask: "\377\377" } } action { action { action_id: 16782152 } } priority: 10 } };
2021-02-18 11:51:24.286690;1;type: DELETE entity { packet_replication_engine_entry { clone_session_entry { session_id: 99 replicas { egress_port: 255 instance: 1 } } } };
2021-02-18 11:51:24.291932;1;type: INSERT entity { packet_replication_engine_entry { clone_session_entry { session_id: 99 replicas { egress_port: 255 instance: 1 } } } };
2021-02-18 11:51:24.293450;1;type: INSERT entity { table_entry { table_id: 33557865 match { field_id: 4 ternary { value: "\010\000" mask: "\377\377" } } action { action { action_id: 16782152 } } priority: 10 } };
2021-02-18 11:51:24.353435;1;type: DELETE entity { table_entry { table_id: 33557865 match { field_id: 4 ternary { value: "\010\000" mask: "\377\377" } } action { action { action_id: 16782152 } } priority: 10 } };
2021-02-18 11:51:24.353435;1;type: DELETE entity { packet_replication_engine_entry { clone_session_entry { session_id: 99 replicas { egress_port: 255 instance: 1 } } } };
2021-02-18 11:51:24.357142;1;type: INSERT entity { packet_replication_engine_entry { clone_session_entry { session_id: 99 replicas { egress_port: 255 instance: 1 } } } };
2021-02-18 11:51:24.358472;1;type: INSERT entity { table_entry { table_id: 33557865 match { field_id: 4 ternary { value: "\010\006" mask: "\377\377" } } action { action { action_id: 16782152 } } priority: 10 } };
2021-02-18 11:51:24.450229;1;type: DELETE entity { table_entry { table_id: 33557865 match { field_id: 4 ternary { value: "\010\006" mask: "\377\377" } } action { action { action_id: 16782152 } } priority: 10 } };
2021-02-18 11:51:24.450229;1;type: DELETE entity { packet_replication_engine_entry { clone_session_entry { session_id: 99 replicas { egress_port: 255 instance: 1 } } } };
2021-02-18 11:51:24.455098;1;type: INSERT entity { packet_replication_engine_entry { clone_session_entry { session_id: 99 replicas { egress_port: 255 instance: 1 } } } };
2021-02-18 11:51:24.456511;1;type: INSERT entity { table_entry { table_id: 33557865 match { field_id: 4 ternary { value: "\206\335" mask: "\377\377" } } action { action { action_id: 16782152 } } priority: 10 } };
2021-02-18 11:51:24.512275;1;type: DELETE entity { table_entry { table_id: 33557865 match { field_id: 4 ternary { value: "\206\335" mask: "\377\377" } } action { action { action_id: 16782152 } } priority: 10 } };
2021-02-18 11:51:24.512275;1;type: DELETE entity { packet_replication_engine_entry { clone_session_entry { session_id: 99 replicas { egress_port: 255 instance: 1 } } } };
2021-02-18 11:51:24.516052;1;type: INSERT entity { packet_replication_engine_entry { clone_session_entry { session_id: 99 replicas { egress_port: 255 instance: 1 } } } };
2021-02-18 11:51:24.517464;1;type: INSERT entity { table_entry { table_id: 33557865 match { field_id: 4 ternary { value: "\206\335" mask: "\377\377" } } action { action { action_id: 16782152 } } priority: 10 } };
2021-02-18 11:51:24.575335;1;type: DELETE entity { table_entry { table_id: 33557865 match { field_id: 4 ternary { value: "\206\335" mask: "\377\377" } } action { action { action_id: 16782152 } } priority: 10 } };
2021-02-18 11:51:24.575335;1;type: DELETE entity { packet_replication_engine_entry { clone_session_entry { session_id: 99 replicas { egress_port: 255 instance: 1 } } } };
2021-02-18 11:51:24.581888;1;type: INSERT entity { packet_replication_engine_entry { clone_session_entry { session_id: 99 replicas { egress_port: 255 instance: 1 } } } };
2021-02-18 11:51:24.583154;1;type: INSERT entity { table_entry { table_id: 33557865 match { field_id: 4 ternary { value: "\206\335" mask: "\377\377" } } action { action { action_id: 16782152 } } priority: 10 } };
2021-02-18 11:51:24.630248;1;type: DELETE entity { table_entry { table_id: 33557865 match { field_id: 4 ternary { value: "\206\335" mask: "\377\377" } } action { action { action_id: 16782152 } } priority: 10 } };
2021-02-18 11:51:24.630248;1;type: DELETE entity { packet_replication_engine_entry { clone_session_entry { session_id: 99 replicas { egress_port: 255 instance: 1 } } } };
2021-02-18 11:52:35.107853;1;type: INSERT entity { packet_replication_engine_entry { multicast_group_entry { multicast_group_id: 10 replicas { egress_port: 1 } replicas { egress_port: 2 } replicas { egress_port: 3 } } } };
2021-02-18 11:52:35.110343;1;type: INSERT entity { table_entry { table_id: 33573501 match { field_id: 1 ternary { value: "\377\377\377\377\377\377" mask: "\377\377\377\377\377\377" } } action { action { action_id: 16841371 params { param_id: 1 value: "\000\n" } } } priority: 10 } };
2021-02-18 11:52:35.125268;1;type: INSERT entity { table_entry { table_id: 33573501 match { field_id: 1 ternary { value: "33\000\000\000\000" mask: "\377\377\000\000\000\000" } } action { action { action_id: 16841371 params { param_id: 1 value: "\000\n" } } } priority: 10 } };
2021-02-18 11:52:35.128483;1;type: INSERT entity { packet_replication_engine_entry { clone_session_entry { session_id: 99 replicas { egress_port: 255 instance: 1 } } } };
2021-02-18 11:52:35.133414;1;type: INSERT entity { table_entry { table_id: 33557865 match { field_id: 4 ternary { value: "\010\006" mask: "\377\377" } } action { action { action_id: 16782152 } } priority: 10 } };
2021-02-18 11:52:35.134653;1;type: INSERT entity { table_entry { table_id: 33557865 match { field_id: 5 ternary { value: ":" mask: "\377" } } match { field_id: 4 ternary { value: "\206\335" mask: "\377\377" } } match { field_id: 6 ternary { value: "\207" mask: "\377" } } action { action { action_id: 16782152 } } priority: 10 } };
2021-02-18 11:52:35.415101;1;type: DELETE entity { table_entry { table_id: 33557865 match { field_id: 5 ternary { value: ":" mask: "\377" } } match { field_id: 4 ternary { value: "\206\335" mask: "\377\377" } } match { field_id: 6 ternary { value: "\207" mask: "\377" } } action { action { action_id: 16782152 } } priority: 10 } };
2021-02-18 11:52:35.415101;1;type: DELETE entity { table_entry { table_id: 33557865 match { field_id: 4 ternary { value: "\010\006" mask: "\377\377" } } action { action { action_id: 16782152 } } priority: 10 } };
2021-02-18 11:52:35.415101;1;type: DELETE entity { packet_replication_engine_entry { clone_session_entry { session_id: 99 replicas { egress_port: 255 instance: 1 } } } };
2021-02-18 11:52:35.415101;1;type: DELETE entity { table_entry { table_id: 33573501 match { field_id: 1 ternary { value: "33\000\000\000\000" mask: "\377\377\000\000\000\000" } } action { action { action_id: 16841371 params { param_id: 1 value: "\000\n" } } } priority: 10 } };
2021-02-18 11:52:35.415101;1;type: DELETE entity { table_entry { table_id: 33573501 match { field_id: 1 ternary { value: "\377\377\377\377\377\377" mask: "\377\377\377\377\377\377" } } action { action { action_id: 16841371 params { param_id: 1 value: "\000\n" } } } priority: 10 } };
2021-02-18 11:52:35.415101;1;type: DELETE entity { packet_replication_engine_entry { multicast_group_entry { multicast_group_id: 10 replicas { egress_port: 1 } replicas { egress_port: 2 } replicas { egress_port: 3 } } } };
2021-02-18 11:52:35.419540;1;type: INSERT entity { packet_replication_engine_entry { multicast_group_entry { multicast_group_id: 10 replicas { egress_port: 1 } replicas { egress_port: 2 } replicas { egress_port: 3 } } } };
2021-02-18 11:52:35.420918;1;type: INSERT entity { table_entry { table_id: 33573501 match { field_id: 1 ternary { value: "\377\377\377\377\377\377" mask: "\377\377\377\377\377\377" } } action { action { action_id: 16841371 params { param_id: 1 value: "\000\n" } } } priority: 10 } };
2021-02-18 11:52:35.422355;1;type: INSERT entity { table_entry { table_id: 33573501 match { field_id: 1 ternary { value: "33\000\000\000\000" mask: "\377\377\000\000\000\000" } } action { action { action_id: 16841371 params { param_id: 1 value: "\000\n" } } } priority: 10 } };
2021-02-18 11:52:35.423762;1;type: INSERT entity { packet_replication_engine_entry { clone_session_entry { session_id: 99 replicas { egress_port: 255 instance: 1 } } } };
2021-02-18 11:52:35.425089;1;type: INSERT entity { table_entry { table_id: 33557865 match { field_id: 4 ternary { value: "\010\006" mask: "\377\377" } } action { action { action_id: 16782152 } } priority: 10 } };
2021-02-18 11:52:35.426403;1;type: INSERT entity { table_entry { table_id: 33557865 match { field_id: 5 ternary { value: ":" mask: "\377" } } match { field_id: 4 ternary { value: "\206\335" mask: "\377\377" } } match { field_id: 6 ternary { value: "\207" mask: "\377" } } action { action { action_id: 16782152 } } priority: 10 } };
2021-02-18 11:52:35.605361;1;type: DELETE entity { table_entry { table_id: 33557865 match { field_id: 5 ternary { value: ":" mask: "\377" } } match { field_id: 4 ternary { value: "\206\335" mask: "\377\377" } } match { field_id: 6 ternary { value: "\207" mask: "\377" } } action { action { action_id: 16782152 } } priority: 10 } };
2021-02-18 11:52:35.605361;1;type: DELETE entity { table_entry { table_id: 33557865 match { field_id: 4 ternary { value: "\010\006" mask: "\377\377" } } action { action { action_id: 16782152 } } priority: 10 } };
2021-02-18 11:52:35.605361;1;type: DELETE entity { packet_replication_engine_entry { clone_session_entry { session_id: 99 replicas { egress_port: 255 instance: 1 } } } };
2021-02-18 11:52:35.605361;1;type: DELETE entity { table_entry { table_id: 33573501 match { field_id: 1 ternary { value: "33\000\000\000\000" mask: "\377\377\000\000\000\000" } } action { action { action_id: 16841371 params { param_id: 1 value: "\000\n" } } } priority: 10 } };
2021-02-18 11:52:35.605361;1;type: DELETE entity { table_entry { table_id: 33573501 match { field_id: 1 ternary { value: "\377\377\377\377\377\377" mask: "\377\377\377\377\377\377" } } action { action { action_id: 16841371 params { param_id: 1 value: "\000\n" } } } priority: 10 } };
2021-02-18 11:52:35.605361;1;type: DELETE entity { packet_replication_engine_entry { multicast_group_entry { multicast_group_id: 10 replicas { egress_port: 1 } replicas { egress_port: 2 } replicas { egress_port: 3 } } } };
2021-02-18 11:52:35.668232;1;type: INSERT entity { table_entry { table_id: 33605373 match { field_id: 1 exact { value: "\000\000\000\000\000\002" } } action { action { action_id: 16812802 params { param_id: 1 value: "\000\002" } } } } };
2021-02-18 11:52:35.669536;1;type: INSERT entity { packet_replication_engine_entry { clone_session_entry { session_id: 99 replicas { egress_port: 255 instance: 1 } } } };
2021-02-18 11:52:35.670742;1;type: INSERT entity { table_entry { table_id: 33557865 match { field_id: 4 ternary { value: "\010\006" mask: "\377\377" } } action { action { action_id: 16782152 } } priority: 10 } };
2021-02-18 11:52:35.673126;1;type: INSERT entity { table_entry { table_id: 33557865 match { field_id: 5 ternary { value: ":" mask: "\377" } } match { field_id: 4 ternary { value: "\206\335" mask: "\377\377" } } match { field_id: 6 ternary { value: "\210" mask: "\377" } } action { action { action_id: 16782152 } } priority: 10 } };
2021-02-18 11:52:35.694028;1;type: DELETE entity { table_entry { table_id: 33557865 match { field_id: 5 ternary { value: ":" mask: "\377" } } match { field_id: 4 ternary { value: "\206\335" mask: "\377\377" } } match { field_id: 6 ternary { value: "\210" mask: "\377" } } action { action { action_id: 16782152 } } priority: 10 } };
2021-02-18 11:52:35.694028;1;type: DELETE entity { table_entry { table_id: 33557865 match { field_id: 4 ternary { value: "\010\006" mask: "\377\377" } } action { action { action_id: 16782152 } } priority: 10 } };
2021-02-18 11:52:35.694028;1;type: DELETE entity { packet_replication_engine_entry { clone_session_entry { session_id: 99 replicas { egress_port: 255 instance: 1 } } } };
2021-02-18 11:52:35.694028;1;type: DELETE entity { table_entry { table_id: 33605373 match { field_id: 1 exact { value: "\000\000\000\000\000\002" } } action { action { action_id: 16812802 params { param_id: 1 value: "\000\002" } } } } };
2021-02-18 11:52:35.697139;1;type: INSERT entity { table_entry { table_id: 33605373 match { field_id: 1 exact { value: "33\000\000\000\001" } } action { action { action_id: 16812802 params { param_id: 1 value: "\000\002" } } } } };
2021-02-18 11:52:35.698359;1;type: INSERT entity { packet_replication_engine_entry { clone_session_entry { session_id: 99 replicas { egress_port: 255 instance: 1 } } } };
2021-02-18 11:52:35.699579;1;type: INSERT entity { table_entry { table_id: 33557865 match { field_id: 4 ternary { value: "\010\006" mask: "\377\377" } } action { action { action_id: 16782152 } } priority: 10 } };
2021-02-18 11:52:35.701397;1;type: INSERT entity { table_entry { table_id: 33557865 match { field_id: 5 ternary { value: ":" mask: "\377" } } match { field_id: 4 ternary { value: "\206\335" mask: "\377\377" } } match { field_id: 6 ternary { value: "\210" mask: "\377" } } action { action { action_id: 16782152 } } priority: 10 } };
2021-02-18 11:52:35.742439;1;type: DELETE entity { table_entry { table_id: 33557865 match { field_id: 5 ternary { value: ":" mask: "\377" } } match { field_id: 4 ternary { value: "\206\335" mask: "\377\377" } } match { field_id: 6 ternary { value: "\210" mask: "\377" } } action { action { action_id: 16782152 } } priority: 10 } };
2021-02-18 11:52:35.742439;1;type: DELETE entity { table_entry { table_id: 33557865 match { field_id: 4 ternary { value: "\010\006" mask: "\377\377" } } action { action { action_id: 16782152 } } priority: 10 } };
2021-02-18 11:52:35.742439;1;type: DELETE entity { packet_replication_engine_entry { clone_session_entry { session_id: 99 replicas { egress_port: 255 instance: 1 } } } };
2021-02-18 11:52:35.742439;1;type: DELETE entity { table_entry { table_id: 33605373 match { field_id: 1 exact { value: "33\000\000\000\001" } } action { action { action_id: 16812802 params { param_id: 1 value: "\000\002" } } } } };
2021-02-18 11:52:35.769895;1;type: INSERT entity { table_entry { table_id: 33605373 match { field_id: 1 exact { value: "\000\001\002\003\004\005" } } action { action { action_id: 16812802 params { param_id: 1 value: "\000\002" } } } } };
2021-02-18 11:52:35.777047;1;type: INSERT entity { table_entry { table_id: 33605373 match { field_id: 1 exact { value: "\000\006\007\010\t\n" } } action { action { action_id: 16812802 params { param_id: 1 value: "\000\001" } } } } };
2021-02-18 11:52:35.902806;1;type: DELETE entity { table_entry { table_id: 33605373 match { field_id: 1 exact { value: "\000\006\007\010\t\n" } } action { action { action_id: 16812802 params { param_id: 1 value: "\000\001" } } } } };
2021-02-18 11:52:35.902806;1;type: DELETE entity { table_entry { table_id: 33605373 match { field_id: 1 exact { value: "\000\001\002\003\004\005" } } action { action { action_id: 16812802 params { param_id: 1 value: "\000\002" } } } } };
2021-02-18 11:52:35.907140;1;type: INSERT entity { table_entry { table_id: 33605373 match { field_id: 1 exact { value: "\000\001\002\003\004\005" } } action { action { action_id: 16812802 params { param_id: 1 value: "\000\002" } } } } };
2021-02-18 11:52:35.908890;1;type: INSERT entity { table_entry { table_id: 33605373 match { field_id: 1 exact { value: "\000\006\007\010\t\n" } } action { action { action_id: 16812802 params { param_id: 1 value: "\000\001" } } } } };
2021-02-18 11:52:36.017851;1;type: DELETE entity { table_entry { table_id: 33605373 match { field_id: 1 exact { value: "\000\006\007\010\t\n" } } action { action { action_id: 16812802 params { param_id: 1 value: "\000\001" } } } } };
2021-02-18 11:52:36.017851;1;type: DELETE entity { table_entry { table_id: 33605373 match { field_id: 1 exact { value: "\000\001\002\003\004\005" } } action { action { action_id: 16812802 params { param_id: 1 value: "\000\002" } } } } };
2021-02-18 11:52:36.023098;1;type: INSERT entity { table_entry { table_id: 33605373 match { field_id: 1 exact { value: "\000\001\002\003\004\005" } } action { action { action_id: 16812802 params { param_id: 1 value: "\000\002" } } } } };
2021-02-18 11:52:36.024846;1;type: INSERT entity { table_entry { table_id: 33605373 match { field_id: 1 exact { value: "\000\006\007\010\t\n" } } action { action { action_id: 16812802 params { param_id: 1 value: "\000\001" } } } } };
2021-02-18 11:52:36.135371;1;type: DELETE entity { table_entry { table_id: 33605373 match { field_id: 1 exact { value: "\000\006\007\010\t\n" } } action { action { action_id: 16812802 params { param_id: 1 value: "\000\001" } } } } };
2021-02-18 11:52:36.135371;1;type: DELETE entity { table_entry { table_id: 33605373 match { field_id: 1 exact { value: "\000\001\002\003\004\005" } } action { action { action_id: 16812802 params { param_id: 1 value: "\000\002" } } } } };
2021-02-18 11:52:36.139891;1;type: INSERT entity { table_entry { table_id: 33605373 match { field_id: 1 exact { value: "\000\001\002\003\004\005" } } action { action { action_id: 16812802 params { param_id: 1 value: "\000\002" } } } } };
2021-02-18 11:52:36.141921;1;type: INSERT entity { table_entry { table_id: 33605373 match { field_id: 1 exact { value: "\000\006\007\010\t\n" } } action { action { action_id: 16812802 params { param_id: 1 value: "\000\001" } } } } };
2021-02-18 11:52:36.252137;1;type: DELETE entity { table_entry { table_id: 33605373 match { field_id: 1 exact { value: "\000\006\007\010\t\n" } } action { action { action_id: 16812802 params { param_id: 1 value: "\000\001" } } } } };
2021-02-18 11:52:36.252137;1;type: DELETE entity { table_entry { table_id: 33605373 match { field_id: 1 exact { value: "\000\001\002\003\004\005" } } action { action { action_id: 16812802 params { param_id: 1 value: "\000\002" } } } } };
2021-02-18 11:52:36.256910;1;type: INSERT entity { table_entry { table_id: 33605373 match { field_id: 1 exact { value: "\000\001\002\003\004\005" } } action { action { action_id: 16812802 params { param_id: 1 value: "\000\002" } } } } };
2021-02-18 11:52:36.258503;1;type: INSERT entity { table_entry { table_id: 33605373 match { field_id: 1 exact { value: "\000\006\007\010\t\n" } } action { action { action_id: 16812802 params { param_id: 1 value: "\000\001" } } } } };
2021-02-18 11:52:36.367675;1;type: DELETE entity { table_entry { table_id: 33605373 match { field_id: 1 exact { value: "\000\006\007\010\t\n" } } action { action { action_id: 16812802 params { param_id: 1 value: "\000\001" } } } } };
2021-02-18 11:52:36.367675;1;type: DELETE entity { table_entry { table_id: 33605373 match { field_id: 1 exact { value: "\000\001\002\003\004\005" } } action { action { action_id: 16812802 params { param_id: 1 value: "\000\002" } } } } };
2021-02-18 11:52:36.372411;1;type: INSERT entity { table_entry { table_id: 33605373 match { field_id: 1 exact { value: "\000\001\002\003\004\005" } } action { action { action_id: 16812802 params { param_id: 1 value: "\000\002" } } } } };
2021-02-18 11:52:36.374149;1;type: INSERT entity { table_entry { table_id: 33605373 match { field_id: 1 exact { value: "\000\006\007\010\t\n" } } action { action { action_id: 16812802 params { param_id: 1 value: "\000\001" } } } } };
2021-02-18 11:52:36.484333;1;type: DELETE entity { table_entry { table_id: 33605373 match { field_id: 1 exact { value: "\000\006\007\010\t\n" } } action { action { action_id: 16812802 params { param_id: 1 value: "\000\001" } } } } };
2021-02-18 11:52:36.484333;1;type: DELETE entity { table_entry { table_id: 33605373 match { field_id: 1 exact { value: "\000\001\002\003\004\005" } } action { action { action_id: 16812802 params { param_id: 1 value: "\000\002" } } } } };
